<?xml version="1.0" encoding="UTF-8"?>
<testsuite name="hello.HttpClientTest" tests="1" skipped="0" failures="0" errors="0" timestamp="2016-06-02T21:45:14" hostname="DESKTOP-404Q125" time="0.293">
  <properties/>
  <testcase name="testHttpClientStatus" classname="hello.HttpClientTest" time="0.293"/>
  <system-out><![CDATA[]]></system-out>
  <system-err><![CDATA[]]></system-err>
</testsuite>
